22-03-2025 at 16:09:33 | INFO | Получение данных клиента...
22-03-2025 at 16:09:42 | INFO | Создание контента страниц...
22-03-2025 at 16:09:42 | INFO | Создание контента страницы star
22-03-2025 at 16:09:42 | INFO | Создание аналитики звезды...
22-03-2025 at 16:09:42 | INFO | Аналитика звезды создана
22-03-2025 at 16:09:42 | INFO | Объединение данных для итогового отчета...
22-03-2025 at 16:09:42 | INFO | Объединение данных завершено
22-03-2025 at 16:30:35 | INFO | Получение данных клиента...
22-03-2025 at 16:30:49 | INFO | Создание контента страниц...
22-03-2025 at 16:30:49 | INFO | Создание контента страницы star
22-03-2025 at 16:30:49 | INFO | Создание аналитики звезды...
22-03-2025 at 16:30:49 | INFO | Аналитика звезды создана
22-03-2025 at 16:30:49 | INFO | Объединение данных для итогового отчета...
22-03-2025 at 16:32:48 | INFO | Получение данных клиента...
22-03-2025 at 16:32:56 | INFO | Создание контента страниц...
22-03-2025 at 16:32:56 | INFO | Создание контента страницы star
22-03-2025 at 16:32:56 | INFO | Создание аналитики звезды...
22-03-2025 at 16:32:56 | INFO | Аналитика звезды создана
22-03-2025 at 16:32:56 | INFO | Объединение данных для итогового отчета...
22-03-2025 at 16:32:56 | INFO | Объединение данных завершено
22-03-2025 at 16:35:50 | INFO | Получение данных клиента...
22-03-2025 at 16:36:00 | INFO | Создание контента страниц...
22-03-2025 at 16:36:00 | INFO | Создание контента страницы star
22-03-2025 at 16:36:00 | INFO | Создание аналитики звезды...
22-03-2025 at 16:36:00 | INFO | Аналитика звезды создана
22-03-2025 at 16:36:00 | INFO | Объединение данных для итогового отчета...
22-03-2025 at 16:36:00 | INFO | Объединение данных завершено
22-03-2025 at 16:41:13 | INFO | Получение данных клиента...
22-03-2025 at 16:41:21 | INFO | Создание контента страниц...
22-03-2025 at 16:41:21 | INFO | Создание контента страницы star
22-03-2025 at 16:41:21 | INFO | Создание аналитики звезды...
22-03-2025 at 16:41:21 | INFO | Аналитика звезды создана
22-03-2025 at 16:41:21 | INFO | Объединение данных для итогового отчета...
22-03-2025 at 16:41:21 | INFO | Объединение данных завершено
22-03-2025 at 16:41:22 | INFO | Завершение создания страницы star
22-03-2025 at 16:41:22 | INFO | Программа успешно завершила работу.
22-03-2025 at 16:46:12 | INFO | Получение данных клиента...
22-03-2025 at 16:46:25 | INFO | Создание контента страниц...
22-03-2025 at 16:46:25 | INFO | Создание контента страницы star
22-03-2025 at 16:46:25 | INFO | Создание аналитики звезды...
22-03-2025 at 16:46:25 | INFO | Аналитика звезды создана
22-03-2025 at 16:46:25 | INFO | Объединение данных для итогового отчета...
22-03-2025 at 16:47:27 | INFO | Объединение данных завершено
22-03-2025 at 16:57:10 | INFO | Завершение создания страницы star
22-03-2025 at 16:57:10 | INFO | Программа успешно завершила работу.
22-03-2025 at 18:46:23 | INFO | Получение данных клиента...
22-03-2025 at 18:46:32 | INFO | Создание контента страниц...
22-03-2025 at 18:46:32 | INFO | Создание контента страницы star
22-03-2025 at 18:46:32 | INFO | Создание аналитики звезды...
22-03-2025 at 18:46:32 | INFO | Аналитика звезды создана
22-03-2025 at 18:46:32 | INFO | Объединение данных для итогового отчета...
22-03-2025 at 18:46:32 | INFO | Объединение данных завершено
22-03-2025 at 18:46:32 | INFO | Завершение создания страницы star
22-03-2025 at 18:46:32 | INFO | Программа успешно завершила работу.
22-03-2025 at 18:50:24 | INFO | Получение данных клиента...
22-03-2025 at 18:50:34 | INFO | Создание контента страниц...
22-03-2025 at 18:50:34 | INFO | Создание контента страницы star
22-03-2025 at 18:50:34 | INFO | Создание аналитики звезды...
22-03-2025 at 18:50:34 | INFO | Аналитика звезды создана
22-03-2025 at 18:50:34 | INFO | Объединение данных для итогового отчета...
22-03-2025 at 18:50:34 | INFO | Объединение данных завершено
22-03-2025 at 18:50:34 | INFO | Завершение создания страницы star
22-03-2025 at 18:50:34 | INFO | Программа успешно завершила работу.
22-03-2025 at 19:06:16 | INFO | Получение данных клиента...
22-03-2025 at 19:06:24 | INFO | Создание контента страниц...
22-03-2025 at 19:06:24 | INFO | Создание контента страницы star
22-03-2025 at 19:06:24 | INFO | Создание аналитики звезды...
22-03-2025 at 19:06:24 | INFO | Аналитика звезды создана
22-03-2025 at 19:06:24 | INFO | Объединение данных для итогового отчета...
22-03-2025 at 19:06:24 | INFO | Объединение данных завершено
22-03-2025 at 19:06:25 | INFO | Завершение создания страницы star
22-03-2025 at 19:06:25 | INFO | Программа успешно завершила работу.
22-03-2025 at 19:10:23 | INFO | Получение данных клиента...
22-03-2025 at 19:10:35 | INFO | Создание контента страниц...
22-03-2025 at 19:10:35 | INFO | Создание контента страницы star
22-03-2025 at 19:10:35 | INFO | Создание аналитики звезды...
22-03-2025 at 19:10:35 | INFO | Аналитика звезды создана
22-03-2025 at 19:10:35 | INFO | Объединение данных для итогового отчета...
22-03-2025 at 19:10:35 | INFO | Объединение данных завершено
22-03-2025 at 19:10:36 | INFO | Завершение создания страницы star
22-03-2025 at 19:10:36 | INFO | Программа успешно завершила работу.
22-03-2025 at 19:12:20 | INFO | Получение данных клиента...
22-03-2025 at 19:12:31 | INFO | Создание контента страниц...
22-03-2025 at 19:12:31 | INFO | Создание контента страницы star
22-03-2025 at 19:12:31 | INFO | Создание аналитики звезды...
22-03-2025 at 19:12:31 | INFO | Аналитика звезды создана
22-03-2025 at 19:12:31 | INFO | Объединение данных для итогового отчета...
22-03-2025 at 19:12:31 | INFO | Объединение данных завершено
22-03-2025 at 19:12:31 | INFO | Завершение создания страницы star
22-03-2025 at 19:12:31 | INFO | Программа успешно завершила работу.
22-03-2025 at 19:17:24 | INFO | Получение данных клиента...
22-03-2025 at 19:17:34 | INFO | Создание контента страниц...
22-03-2025 at 19:17:34 | INFO | Создание контента страницы star
22-03-2025 at 19:17:34 | INFO | Создание аналитики звезды...
22-03-2025 at 19:17:34 | INFO | Аналитика звезды создана
22-03-2025 at 19:17:34 | INFO | Объединение данных для итогового отчета...
22-03-2025 at 19:17:34 | INFO | Объединение данных завершено
22-03-2025 at 19:17:35 | INFO | Завершение создания страницы star
22-03-2025 at 19:17:35 | INFO | Программа успешно завершила работу.
22-03-2025 at 19:20:17 | INFO | Получение данных клиента...
22-03-2025 at 19:20:26 | INFO | Создание контента страниц...
22-03-2025 at 19:20:26 | INFO | Создание контента страницы star
22-03-2025 at 19:20:26 | INFO | Создание аналитики звезды...
22-03-2025 at 19:20:26 | INFO | Аналитика звезды создана
22-03-2025 at 19:20:26 | INFO | Объединение данных для итогового отчета...
22-03-2025 at 19:20:26 | INFO | Объединение данных завершено
22-03-2025 at 19:20:26 | INFO | Завершение создания страницы star
22-03-2025 at 19:20:26 | INFO | Программа успешно завершила работу.
22-03-2025 at 19:22:23 | INFO | Получение данных клиента...
22-03-2025 at 19:22:31 | INFO | Создание контента страниц...
22-03-2025 at 19:22:31 | INFO | Создание контента страницы star
22-03-2025 at 19:22:31 | INFO | Создание аналитики звезды...
22-03-2025 at 19:22:31 | INFO | Аналитика звезды создана
22-03-2025 at 19:22:31 | INFO | Объединение данных для итогового отчета...
22-03-2025 at 19:22:31 | INFO | Объединение данных завершено
22-03-2025 at 19:22:31 | INFO | Завершение создания страницы star
22-03-2025 at 19:22:31 | INFO | Программа успешно завершила работу.
22-03-2025 at 19:34:13 | INFO | Получение данных клиента...
22-03-2025 at 19:34:25 | INFO | Создание контента страниц...
22-03-2025 at 19:34:25 | INFO | Создание контента страницы star
22-03-2025 at 19:34:25 | INFO | Создание аналитики звезды...
22-03-2025 at 19:34:25 | INFO | Аналитика звезды создана
22-03-2025 at 19:34:25 | INFO | Объединение данных для итогового отчета...
22-03-2025 at 19:34:25 | INFO | Объединение данных завершено
22-03-2025 at 19:34:26 | INFO | Завершение создания страницы star
22-03-2025 at 19:34:26 | INFO | Программа успешно завершила работу.
22-03-2025 at 19:40:02 | INFO | Получение данных клиента...
22-03-2025 at 19:40:10 | INFO | Создание контента страниц...
22-03-2025 at 19:40:10 | INFO | Создание контента страницы star
22-03-2025 at 19:40:10 | INFO | Создание аналитики звезды...
22-03-2025 at 19:40:10 | INFO | Аналитика звезды создана
22-03-2025 at 19:40:10 | INFO | Объединение данных для итогового отчета...
22-03-2025 at 19:40:10 | INFO | Объединение данных завершено
22-03-2025 at 19:40:10 | INFO | Завершение создания страницы star
22-03-2025 at 19:40:10 | INFO | Программа успешно завершила работу.
22-03-2025 at 19:44:19 | INFO | Получение данных клиента...
22-03-2025 at 19:44:28 | INFO | Создание контента страниц...
22-03-2025 at 19:44:28 | INFO | Создание контента страницы star
22-03-2025 at 19:44:28 | INFO | Создание аналитики звезды...
22-03-2025 at 19:44:28 | INFO | Аналитика звезды создана
22-03-2025 at 19:44:28 | INFO | Объединение данных для итогового отчета...
22-03-2025 at 19:44:28 | INFO | Объединение данных завершено
22-03-2025 at 19:44:28 | INFO | Завершение создания страницы star
22-03-2025 at 19:44:28 | INFO | Программа успешно завершила работу.
22-03-2025 at 19:45:14 | INFO | Получение данных клиента...
22-03-2025 at 19:45:25 | INFO | Создание контента страниц...
22-03-2025 at 19:45:25 | INFO | Создание контента страницы star
22-03-2025 at 19:45:25 | INFO | Создание аналитики звезды...
22-03-2025 at 19:45:25 | INFO | Аналитика звезды создана
22-03-2025 at 19:45:25 | INFO | Объединение данных для итогового отчета...
22-03-2025 at 19:45:25 | INFO | Объединение данных завершено
22-03-2025 at 19:45:25 | INFO | Завершение создания страницы star
22-03-2025 at 19:45:25 | INFO | Программа успешно завершила работу.
22-03-2025 at 19:48:04 | INFO | Получение данных клиента...
22-03-2025 at 19:48:16 | INFO | Создание контента страниц...
22-03-2025 at 19:48:16 | INFO | Создание контента страницы star
22-03-2025 at 19:48:16 | INFO | Создание аналитики звезды...
22-03-2025 at 19:48:16 | INFO | Аналитика звезды создана
22-03-2025 at 19:48:16 | INFO | Объединение данных для итогового отчета...
22-03-2025 at 19:48:16 | INFO | Объединение данных завершено
22-03-2025 at 19:48:16 | INFO | Завершение создания страницы star
22-03-2025 at 19:48:16 | INFO | Программа успешно завершила работу.
22-03-2025 at 20:03:12 | INFO | Получение данных клиента...
22-03-2025 at 20:03:27 | INFO | Создание контента страниц...
22-03-2025 at 20:03:27 | INFO | Создание контента страницы star
22-03-2025 at 20:03:27 | INFO | Создание аналитики звезды...
22-03-2025 at 20:03:27 | INFO | Аналитика звезды создана
22-03-2025 at 20:03:27 | INFO | Объединение данных для итогового отчета...
22-03-2025 at 20:03:27 | INFO | Объединение данных завершено
22-03-2025 at 20:03:28 | INFO | Завершение создания страницы star
22-03-2025 at 20:03:28 | INFO | Программа успешно завершила работу.
22-03-2025 at 20:12:48 | INFO | Получение данных клиента...
22-03-2025 at 20:12:58 | INFO | Создание контента страниц...
22-03-2025 at 20:12:58 | INFO | Создание контента страницы star
22-03-2025 at 20:12:58 | INFO | Создание аналитики звезды...
22-03-2025 at 20:12:58 | INFO | Аналитика звезды создана
22-03-2025 at 20:12:58 | INFO | Объединение данных для итогового отчета...
22-03-2025 at 20:12:58 | INFO | Объединение данных завершено
22-03-2025 at 20:12:58 | INFO | Завершение создания страницы star
22-03-2025 at 20:12:58 | INFO | Программа успешно завершила работу.
22-03-2025 at 20:29:13 | INFO | Получение данных клиента...
22-03-2025 at 20:29:23 | INFO | Создание контента страниц...
22-03-2025 at 20:29:23 | INFO | Создание контента страницы star
22-03-2025 at 20:29:23 | INFO | Создание аналитики звезды...
22-03-2025 at 20:29:23 | INFO | Аналитика звезды создана
22-03-2025 at 20:29:23 | INFO | Объединение данных для итогового отчета...
22-03-2025 at 20:29:23 | INFO | Объединение данных завершено
22-03-2025 at 20:29:23 | INFO | Завершение создания страницы star
22-03-2025 at 20:29:23 | INFO | Программа успешно завершила работу.
22-03-2025 at 20:35:36 | INFO | Получение данных клиента...
22-03-2025 at 20:35:52 | INFO | Создание контента страниц...
22-03-2025 at 20:35:52 | INFO | Создание контента страницы star
22-03-2025 at 20:35:52 | INFO | Создание аналитики звезды...
22-03-2025 at 20:35:52 | INFO | Аналитика звезды создана
22-03-2025 at 20:35:52 | INFO | Объединение данных для итогового отчета...
22-03-2025 at 20:35:52 | INFO | Объединение данных завершено
22-03-2025 at 20:36:42 | INFO | Получение данных клиента...
22-03-2025 at 20:36:51 | INFO | Создание контента страниц...
22-03-2025 at 20:36:51 | INFO | Создание контента страницы star
22-03-2025 at 20:36:51 | INFO | Создание аналитики звезды...
22-03-2025 at 20:36:51 | INFO | Аналитика звезды создана
22-03-2025 at 20:36:51 | INFO | Объединение данных для итогового отчета...
22-03-2025 at 20:36:51 | INFO | Объединение данных завершено
22-03-2025 at 20:36:51 | INFO | Завершение создания страницы star
22-03-2025 at 20:36:51 | INFO | Программа успешно завершила работу.
22-03-2025 at 20:41:32 | INFO | Получение данных клиента...
22-03-2025 at 20:41:41 | INFO | Создание контента страниц...
22-03-2025 at 20:41:41 | INFO | Создание контента страницы star
22-03-2025 at 20:41:41 | INFO | Создание аналитики звезды...
22-03-2025 at 20:41:41 | INFO | Аналитика звезды создана
22-03-2025 at 20:41:41 | INFO | Объединение данных для итогового отчета...
22-03-2025 at 20:41:41 | INFO | Объединение данных завершено
22-03-2025 at 20:41:41 | INFO | Завершение создания страницы star
22-03-2025 at 20:41:41 | INFO | Программа успешно завершила работу.
22-03-2025 at 20:44:20 | INFO | Получение данных клиента...
22-03-2025 at 20:44:27 | INFO | Создание контента страниц...
22-03-2025 at 20:44:27 | INFO | Создание контента страницы star
22-03-2025 at 20:44:27 | INFO | Создание аналитики звезды...
22-03-2025 at 20:44:27 | INFO | Аналитика звезды создана
22-03-2025 at 20:44:27 | INFO | Объединение данных для итогового отчета...
22-03-2025 at 20:44:27 | INFO | Объединение данных завершено
22-03-2025 at 20:44:27 | INFO | Завершение создания страницы star
22-03-2025 at 20:44:27 | INFO | Программа успешно завершила работу.
22-03-2025 at 20:46:24 | INFO | Получение данных клиента...
22-03-2025 at 20:46:32 | INFO | Создание контента страниц...
22-03-2025 at 20:46:32 | INFO | Создание контента страницы star
22-03-2025 at 20:46:32 | INFO | Создание аналитики звезды...
22-03-2025 at 20:46:32 | INFO | Аналитика звезды создана
22-03-2025 at 20:46:32 | INFO | Объединение данных для итогового отчета...
22-03-2025 at 20:46:32 | INFO | Объединение данных завершено
22-03-2025 at 20:46:32 | INFO | Завершение создания страницы star
22-03-2025 at 20:46:32 | INFO | Программа успешно завершила работу.
22-03-2025 at 20:47:19 | INFO | Получение данных клиента...
22-03-2025 at 20:47:27 | INFO | Создание контента страниц...
22-03-2025 at 20:47:27 | INFO | Создание контента страницы star
22-03-2025 at 20:47:27 | INFO | Создание аналитики звезды...
22-03-2025 at 20:47:27 | INFO | Аналитика звезды создана
22-03-2025 at 20:47:27 | INFO | Объединение данных для итогового отчета...
22-03-2025 at 20:47:27 | INFO | Объединение данных завершено
22-03-2025 at 20:48:32 | INFO | Получение данных клиента...
22-03-2025 at 20:48:40 | INFO | Создание контента страниц...
22-03-2025 at 20:48:40 | INFO | Создание контента страницы star
22-03-2025 at 20:48:40 | INFO | Создание аналитики звезды...
22-03-2025 at 20:48:40 | INFO | Аналитика звезды создана
22-03-2025 at 20:48:40 | INFO | Объединение данных для итогового отчета...
22-03-2025 at 20:48:40 | INFO | Объединение данных завершено
22-03-2025 at 20:48:40 | INFO | Завершение создания страницы star
22-03-2025 at 20:48:40 | INFO | Программа успешно завершила работу.
22-03-2025 at 20:49:14 | INFO | Получение данных клиента...
22-03-2025 at 20:49:22 | INFO | Создание контента страниц...
22-03-2025 at 20:49:22 | INFO | Создание контента страницы star
22-03-2025 at 20:49:22 | INFO | Создание аналитики звезды...
22-03-2025 at 20:49:22 | INFO | Аналитика звезды создана
22-03-2025 at 20:49:22 | INFO | Объединение данных для итогового отчета...
22-03-2025 at 20:49:22 | INFO | Объединение данных завершено
22-03-2025 at 20:49:22 | INFO | Завершение создания страницы star
22-03-2025 at 20:49:22 | INFO | Программа успешно завершила работу.
22-03-2025 at 20:50:02 | INFO | Получение данных клиента...
22-03-2025 at 20:50:10 | INFO | Создание контента страниц...
22-03-2025 at 20:50:10 | INFO | Создание контента страницы star
22-03-2025 at 20:50:10 | INFO | Создание аналитики звезды...
22-03-2025 at 20:50:10 | INFO | Аналитика звезды создана
22-03-2025 at 20:50:10 | INFO | Объединение данных для итогового отчета...
22-03-2025 at 20:50:10 | INFO | Объединение данных завершено
22-03-2025 at 20:50:10 | INFO | Завершение создания страницы star
22-03-2025 at 20:50:10 | INFO | Программа успешно завершила работу.
22-03-2025 at 20:52:41 | INFO | Получение данных клиента...
22-03-2025 at 20:52:50 | INFO | Создание контента страниц...
22-03-2025 at 20:52:50 | INFO | Создание контента страницы star
22-03-2025 at 20:52:50 | INFO | Создание аналитики звезды...
22-03-2025 at 20:52:50 | INFO | Аналитика звезды создана
22-03-2025 at 20:52:50 | INFO | Объединение данных для итогового отчета...
22-03-2025 at 20:52:50 | INFO | Объединение данных завершено
22-03-2025 at 20:52:50 | INFO | Завершение создания страницы star
22-03-2025 at 20:52:50 | INFO | Программа успешно завершила работу.
